<?xml version="1.0" encoding="UTF-8"?>
<!-- Generated by org.testng.reporters.JUnitReportReporter -->
<testsuite hostname="pavanis-Air" failures="0" tests="2" name="com.crm.qa.testcases.LoginPageTest" time="18.957" errors="0" timestamp="2021-09-17T16:56:50 CDT" skipped="0">
  <testcase classname="com.crm.qa.testcases.LoginPageTest" name="LoginPageTitleTest" time="5.743"/>
  <system-out/>
  <testcase classname="com.crm.qa.testcases.LoginPageTest" name="LoginTest" time="13.214"/>
  <system-out/>
</testsuite> <!-- com.crm.qa.testcases.LoginPageTest -->
