<?xml version="1.0" encoding="UTF-8"?>
<!-- Generated by org.testng.reporters.JUnitReportReporter -->
<testsuite hostname="pavanis-Air" failures="0" tests="1" name="com.crm.qa.testcases.DealsPageTest" time="22.330" errors="0" timestamp="2021-09-17T22:00:37 CDT" skipped="0">
  <testcase classname="com.crm.qa.testcases.DealsPageTest" name="verifyDealIdTest" time="22.330"/>
  <system-out/>
</testsuite> <!-- com.crm.qa.testcases.DealsPageTest -->
