<?xml version="1.0" encoding="UTF-8"?>
<!-- Generated by org.testng.reporters.JUnitReportReporter -->
<testsuite hostname="pavanis-Air" failures="0" tests="2" name="com.crm.qa.testcases.ContactsPageTest" time="29.519" errors="0" timestamp="2021-09-17T17:00:15 CDT" skipped="0">
  <testcase classname="com.crm.qa.testcases.ContactsPageTest" name="verfiyContactTest" time="15.367"/>
  <system-out/>
  <testcase classname="com.crm.qa.testcases.ContactsPageTest" name="selectContactNameTest" time="14.152"/>
  <system-out/>
</testsuite> <!-- com.crm.qa.testcases.ContactsPageTest -->
