<?xml version="1.0" encoding="UTF-8"?>
<!-- Generated by org.testng.reporters.JUnitReportReporter -->
<testsuite hostname="pavanis-Air" failures="0" tests="3" name="com.crm.qa.testcases.HomePageTest" time="41.951" errors="0" timestamp="2021-09-17T16:58:37 CDT" skipped="0">
  <testcase classname="com.crm.qa.testcases.HomePageTest" name="validateHomePageTitleTest" time="13.200"/>
  <system-out/>
  <testcase classname="com.crm.qa.testcases.HomePageTest" name="VerifyusernameTest" time="14.217"/>
  <system-out/>
  <testcase classname="com.crm.qa.testcases.HomePageTest" name="ContactsLinkTest" time="14.534"/>
  <system-out/>
</testsuite> <!-- com.crm.qa.testcases.HomePageTest -->
