<?xml version="1.0" encoding="UTF-8"?>
<!-- Generated by org.testng.reporters.JUnitReportReporter -->
<testsuite hostname="pavanis-Air" failures="0" tests="3" name="com.crm.qa.testcases.HomePageTest" time="39.396" errors="0" timestamp="18 Sep 2021 03:04:42 GMT" skipped="0">
  <testcase classname="com.crm.qa.testcases.HomePageTest" name="validateHomePageTitleTest" time="12.798"/>
  <testcase classname="com.crm.qa.testcases.HomePageTest" name="VerifyusernameTest" time="12.790"/>
  <testcase classname="com.crm.qa.testcases.HomePageTest" name="ContactsLinkTest" time="13.808"/>
</testsuite> <!-- com.crm.qa.testcases.HomePageTest -->
