<?xml version="1.0" encoding="UTF-8"?>
<!-- Generated by org.testng.reporters.JUnitReportReporter -->
<testsuite hostname="pavanis-Air" failures="0" tests="2" name="com.crm.qa.testcases.LoginPageTest" time="17.263" errors="0" timestamp="18 Sep 2021 03:04:42 GMT" skipped="0">
  <testcase classname="com.crm.qa.testcases.LoginPageTest" name="LoginPageTitleTest" time="4.363"/>
  <testcase classname="com.crm.qa.testcases.LoginPageTest" name="LoginTest" time="12.900"/>
</testsuite> <!-- com.crm.qa.testcases.LoginPageTest -->
